<!--

    Copyright The OpenZipkin Authors
    SPDX-License-Identifier: Apache-2.0

-->
<assembly xmlns="http://maven.apache.org/ASSEMBLY/2.2.0" xmlns:xsi="http://www.w3.org/2001/XMLSchema-instance"
  xsi:schemaLocation="http://maven.apache.org/ASSEMBLY/2.2.0 https://maven.apache.org/xsd/assembly-2.2.0.xsd">
  <!-- This is an alternative to maven-shade-plugin, which makes an executable
       jar from the test source tree. This was made due to lack of success
       getting 'shadeTestJar' and similar configuration working. -->
  <id>test-jar</id>
  <formats>
    <format>jar</format>
  </formats>
  <includeBaseDirectory>false</includeBaseDirectory>
  <dependencySets>
    <dependencySet>
      <outputDirectory>/</outputDirectory>
      <useProjectArtifact>true</useProjectArtifact>
      <unpack>true</unpack>
      <scope>test</scope>
    </dependencySet>
  </dependencySets>
  <fileSets>
    <fileSet>
      <directory>${project.build.directory}/test-classes</directory>
      <outputDirectory>/</outputDirectory>
      <includes>
        <include>**/*</include>
      </includes>
      <useDefaultExcludes>true</useDefaultExcludes>
    </fileSet>
  </fileSets>
</assembly>
